app/build/intermediates/manifest_merge_blame_file/release/manifest-merger-blame-release-report.txt
1<?xml version="1.0" encoding="utf-8"?>
2<manifest xmlns:android="http://schemas.android.com/apk/res/android"
3    package="com.budgettracker.app"
4    android:versionCode="1"
5    android:versionName="1.0" >
6
7    <uses-sdk
8        android:minSdkVersion="26"
9        android:targetSdkVersion="34" />
10
11    <!-- Auto-Updater: Internet + APK Install -->
12    <uses-permission android:name="android.permission.INTERNET" />
12-->src\main\AndroidManifest.xml:5:5-67
12-->src\main\AndroidManifest.xml:5:22-64
13    <uses-permission android:name="android.permission.REQUEST_INSTALL_PACKAGES" />
13-->src\main\AndroidManifest.xml:6:5-83
13-->src\main\AndroidManifest.xml:6:22-80
14
15    <permission
15-->[androidx.core:core:1.12.0] AndroidManifest.xml:22:5-24:47
16        android:name="com.budgettracker.app.DYNAMIC_RECEIVER_NOT_EXPORTED_PERMISSION"
16-->[androidx.core:core:1.12.0] AndroidManifest.xml:23:9-81
17        android:protectionLevel="signature" />
17-->[androidx.core:core:1.12.0] AndroidManifest.xml:24:9-44
18
19    <uses-permission android:name="com.budgettracker.app.DYNAMIC_RECEIVER_NOT_EXPORTED_PERMISSION" />
19-->[androidx.core:core:1.12.0] AndroidManifest.xml:26:5-97
19-->[androidx.core:core:1.12.0] AndroidManifest.xml:26:22-94
20
21    <application
21-->src\main\AndroidManifest.xml:8:5-37:19
22        android:allowBackup="true"
22-->src\main\AndroidManifest.xml:9:9-35
23        android:appComponentFactory="androidx.core.app.CoreComponentFactory"
23-->[androidx.core:core:1.12.0] AndroidManifest.xml:28:18-86
24        android:extractNativeLibs="false"
25        android:icon="@mipmap/ic_launcher"
25-->src\main\AndroidManifest.xml:10:9-43
26        android:label="@string/app_name"
26-->src\main\AndroidManifest.xml:12:9-41
27        android:roundIcon="@mipmap/ic_launcher_round"
27-->src\main\AndroidManifest.xml:11:9-54
28        android:supportsRtl="true"
28-->src\main\AndroidManifest.xml:13:9-35
29        android:theme="@android:style/Theme.Material.NoActionBar" >
29-->src\main\AndroidManifest.xml:14:9-66
30        <activity
30-->src\main\AndroidManifest.xml:16:9-24:20
31            android:name="com.budgettracker.app.MainActivity"
31-->src\main\AndroidManifest.xml:17:13-41
32            android:exported="true"
32-->src\main\AndroidManifest.xml:18:13-36
33            android:theme="@android:style/Theme.Material.NoActionBar" >
33-->src\main\AndroidManifest.xml:19:13-70
34            <intent-filter>
34-->src\main\AndroidManifest.xml:20:13-23:29
35                <action android:name="android.intent.action.MAIN" />
35-->src\main\AndroidManifest.xml:21:17-69
35-->src\main\AndroidManifest.xml:21:25-66
36
37                <category android:name="android.intent.category.LAUNCHER" />
37-->src\main\AndroidManifest.xml:22:17-77
37-->src\main\AndroidManifest.xml:22:27-74
38            </intent-filter>
39        </activity>
40
41        <!-- FileProvider für APK-Installation -->
42        <provider
43            android:name="androidx.core.content.FileProvider"
43-->src\main\AndroidManifest.xml:28:13-62
44            android:authorities="com.budgettracker.app.fileprovider"
44-->src\main\AndroidManifest.xml:29:13-64
45            android:exported="false"
45-->src\main\AndroidManifest.xml:30:13-37
46            android:grantUriPermissions="true" >
46-->src\main\AndroidManifest.xml:31:13-47
47            <meta-data
47-->src\main\AndroidManifest.xml:32:13-34:63
48                android:name="android.support.FILE_PROVIDER_PATHS"
48-->src\main\AndroidManifest.xml:33:17-67
49                android:resource="@xml/file_provider_paths" />
49-->src\main\AndroidManifest.xml:34:17-60
50        </provider>
51        <provider
51-->[androidx.emoji2:emoji2:1.3.0] AndroidManifest.xml:24:9-32:20
52            android:name="androidx.startup.InitializationProvider"
52-->[androidx.emoji2:emoji2:1.3.0] AndroidManifest.xml:25:13-67
53            android:authorities="com.budgettracker.app.androidx-startup"
53-->[androidx.emoji2:emoji2:1.3.0] AndroidManifest.xml:26:13-68
54            android:exported="false" >
54-->[androidx.emoji2:emoji2:1.3.0] AndroidManifest.xml:27:13-37
55            <meta-data
55-->[androidx.emoji2:emoji2:1.3.0] AndroidManifest.xml:29:13-31:52
56                android:name="androidx.emoji2.text.EmojiCompatInitializer"
56-->[androidx.emoji2:emoji2:1.3.0] AndroidManifest.xml:30:17-75
57                android:value="androidx.startup" />
57-->[androidx.emoji2:emoji2:1.3.0] AndroidManifest.xml:31:17-49
58            <meta-data
58-->[androidx.lifecycle:lifecycle-process:2.7.0] AndroidManifest.xml:29:13-31:52
59                android:name="androidx.lifecycle.ProcessLifecycleInitializer"
59-->[androidx.lifecycle:lifecycle-process:2.7.0] AndroidManifest.xml:30:17-78
60                android:value="androidx.startup" />
60-->[androidx.lifecycle:lifecycle-process:2.7.0] AndroidManifest.xml:31:17-49
61            <meta-data
61-->[androidx.profileinstaller:profileinstaller:1.3.0] AndroidManifest.xml:29:13-31:52
62                android:name="androidx.profileinstaller.ProfileInstallerInitializer"
62-->[androidx.profileinstaller:profileinstaller:1.3.0] AndroidManifest.xml:30:17-85
63                android:value="androidx.startup" />
63-->[androidx.profileinstaller:profileinstaller:1.3.0] AndroidManifest.xml:31:17-49
64        </provider>
65
66        <service
66-->[androidx.room:room-runtime:2.6.1] AndroidManifest.xml:24:9-28:63
67            android:name="androidx.room.MultiInstanceInvalidationService"
67-->[androidx.room:room-runtime:2.6.1] AndroidManifest.xml:25:13-74
68            android:directBootAware="true"
68-->[androidx.room:room-runtime:2.6.1] AndroidManifest.xml:26:13-43
69            android:exported="false" />
69-->[androidx.room:room-runtime:2.6.1] AndroidManifest.xml:27:13-37
70
71        <receiver
71-->[androidx.profileinstaller:profileinstaller:1.3.0] AndroidManifest.xml:34:9-52:20
72            android:name="androidx.profileinstaller.ProfileInstallReceiver"
72-->[androidx.profileinstaller:profileinstaller:1.3.0] AndroidManifest.xml:35:13-76
73            android:directBootAware="false"
73-->[androidx.profileinstaller:profileinstaller:1.3.0] AndroidManifest.xml:36:13-44
74            android:enabled="true"
74-->[androidx.profileinstaller:profileinstaller:1.3.0] AndroidManifest.xml:37:13-35
75            android:exported="true"
75-->[androidx.profileinstaller:profileinstaller:1.3.0] AndroidManifest.xml:38:13-36
76            android:permission="android.permission.DUMP" >
76-->[androidx.profileinstaller:profileinstaller:1.3.0] AndroidManifest.xml:39:13-57
77            <intent-filter>
77-->[androidx.profileinstaller:profileinstaller:1.3.0] AndroidManifest.xml:40:13-42:29
78                <action android:name="androidx.profileinstaller.action.INSTALL_PROFILE" />
78-->[androidx.profileinstaller:profileinstaller:1.3.0] AndroidManifest.xml:41:17-91
78-->[androidx.profileinstaller:profileinstaller:1.3.0] AndroidManifest.xml:41:25-88
79            </intent-filter>
80            <intent-filter>
80-->[androidx.profileinstaller:profileinstaller:1.3.0] AndroidManifest.xml:43:13-45:29
81                <action android:name="androidx.profileinstaller.action.SKIP_FILE" />
81-->[androidx.profileinstaller:profileinstaller:1.3.0] AndroidManifest.xml:44:17-85
81-->[androidx.profileinstaller:profileinstaller:1.3.0] AndroidManifest.xml:44:25-82
82            </intent-filter>
83            <intent-filter>
83-->[androidx.profileinstaller:profileinstaller:1.3.0] AndroidManifest.xml:46:13-48:29
84                <action android:name="androidx.profileinstaller.action.SAVE_PROFILE" />
84-->[androidx.profileinstaller:profileinstaller:1.3.0] AndroidManifest.xml:47:17-88
84-->[androidx.profileinstaller:profileinstaller:1.3.0] AndroidManifest.xml:47:25-85
85            </intent-filter>
86            <intent-filter>
86-->[androidx.profileinstaller:profileinstaller:1.3.0] AndroidManifest.xml:49:13-51:29
87                <action android:name="androidx.profileinstaller.action.BENCHMARK_OPERATION" />
87-->[androidx.profileinstaller:profileinstaller:1.3.0] AndroidManifest.xml:50:17-95
87-->[androidx.profileinstaller:profileinstaller:1.3.0] AndroidManifest.xml:50:25-92
88            </intent-filter>
89        </receiver>
90    </application>
91
92</manifest>